[0.283s] DEBUG:colcon:Command line arguments: ['/usr/bin/colcon', 'list', '-p', '--base-paths', '/home/saura/ros2_ws/src', '--log-base', '/dev/null']
[0.283s] DEBUG:colcon:Parsed command line arguments: Namespace(log_base=None, log_level=None, verb_name='list', build_base='build', ignore_user_meta=False, metas=['./colcon.meta'], base_paths=['/home/saura/ros2_ws/src', '--log-base', '/dev/null'], packages_ignore=None, packages_ignore_regex=None, paths=None, packages_up_to=None, packages_up_to_regex=None, packages_above=None, packages_above_and_dependencies=None, packages_above_depth=None, packages_select_by_dep=None, packages_skip_by_dep=None, packages_skip_up_to=None, packages_select_build_failed=False, packages_skip_build_finished=False, packages_select_test_failures=False, packages_skip_test_passed=False, packages_select=None, packages_skip=None, packages_select_regex=None, packages_skip_regex=None, packages_start=None, packages_end=None, allow_overriding=[], topological_order=False, names_only=False, paths_only=True, topological_graph=False, topological_graph_dot=False, topological_graph_density=False, topological_graph_legend=False, topological_graph_dot_cluster=False, topological_graph_dot_include_skipped=False, mixin_files=None, mixin=None, verb_parser=<colcon_mixin.mixin.mixin_argument.MixinArgumentDecorator object at 0x7de185a97020>, verb_extension=<colcon_package_information.verb.list.ListVerb object at 0x7de185a96360>, main=<bound method ListVerb.main of <colcon_package_information.verb.list.ListVerb object at 0x7de185a96360>>, mixin_verb=('list',))
[0.338s] Level 1:colcon.colcon_core.package_discovery:discover_packages(colcon_meta) check parameters
[0.338s] Level 1:colcon.colcon_core.package_discovery:discover_packages(recursive) check parameters
[0.338s] Level 1:colcon.colcon_core.package_discovery:discover_packages(ignore) check parameters
[0.338s] Level 1:colcon.colcon_core.package_discovery:discover_packages(path) check parameters
[0.338s] Level 1:colcon.colcon_core.package_discovery:discover_packages(recursive) discover
[0.338s] INFO:colcon.colcon_core.package_discovery:Crawling recursively for packages in '/home/saura/ros2_ws/src', '/home/saura/ros2_ws/src/--log-base', '/dev/null'
[0.338s] Level 1:colcon.colcon_core.package_identification:_identify(/home/saura/ros2_ws/src) by extensions ['ignore', 'ignore_ament_install']
[0.338s] Level 1:colcon.colcon_core.package_identification:_identify(/home/saura/ros2_ws/src) by extension 'ignore'
[0.338s] Level 1:colcon.colcon_core.package_identification:_identify(/home/saura/ros2_ws/src) by extension 'ignore_ament_install'
[0.339s] Level 1:colcon.colcon_core.package_identification:_identify(/home/saura/ros2_ws/src) by extensions ['colcon_pkg']
[0.339s] Level 1:colcon.colcon_core.package_identification:_identify(/home/saura/ros2_ws/src) by extension 'colcon_pkg'
[0.339s] Level 1:colcon.colcon_core.package_identification:_identify(/home/saura/ros2_ws/src) by extensions ['colcon_meta']
[0.339s] Level 1:colcon.colcon_core.package_identification:_identify(/home/saura/ros2_ws/src) by extension 'colcon_meta'
[0.339s] Level 1:colcon.colcon_core.package_identification:_identify(/home/saura/ros2_ws/src) by extensions ['ros']
[0.339s] Level 1:colcon.colcon_core.package_identification:_identify(/home/saura/ros2_ws/src) by extension 'ros'
[0.370s] Level 1:colcon.colcon_core.package_identification:_identify(/home/saura/ros2_ws/src) by extensions ['cmake', 'python']
[0.370s] Level 1:colcon.colcon_core.package_identification:_identify(/home/saura/ros2_ws/src) by extension 'cmake'
[0.370s] Level 1:colcon.colcon_core.package_identification:_identify(/home/saura/ros2_ws/src) by extension 'python'
[0.370s] Level 1:colcon.colcon_core.package_identification:_identify(/home/saura/ros2_ws/src) by extensions ['python_setup_py']
[0.370s] Level 1:colcon.colcon_core.package_identification:_identify(/home/saura/ros2_ws/src) by extension 'python_setup_py'
[0.370s] Level 1:colcon.colcon_core.package_identification:_identify(/home/saura/ros2_ws/src/go2_bringup) by extensions ['ignore', 'ignore_ament_install']
[0.371s] Level 1:colcon.colcon_core.package_identification:_identify(/home/saura/ros2_ws/src/go2_bringup) by extension 'ignore'
[0.371s] Level 1:colcon.colcon_core.package_identification:_identify(/home/saura/ros2_ws/src/go2_bringup) by extension 'ignore_ament_install'
[0.371s] Level 1:colcon.colcon_core.package_identification:_identify(/home/saura/ros2_ws/src/go2_bringup) by extensions ['colcon_pkg']
[0.371s] Level 1:colcon.colcon_core.package_identification:_identify(/home/saura/ros2_ws/src/go2_bringup) by extension 'colcon_pkg'
[0.371s] Level 1:colcon.colcon_core.package_identification:_identify(/home/saura/ros2_ws/src/go2_bringup) by extensions ['colcon_meta']
[0.371s] Level 1:colcon.colcon_core.package_identification:_identify(/home/saura/ros2_ws/src/go2_bringup) by extension 'colcon_meta'
[0.371s] Level 1:colcon.colcon_core.package_identification:_identify(/home/saura/ros2_ws/src/go2_bringup) by extensions ['ros']
[0.371s] Level 1:colcon.colcon_core.package_identification:_identify(/home/saura/ros2_ws/src/go2_bringup) by extension 'ros'
[0.375s] DEBUG:colcon.colcon_core.package_identification:Package '/home/saura/ros2_ws/src/go2_bringup' with type 'ros.ament_cmake' and name 'go2_bringup'
[0.376s] Level 1:colcon.colcon_core.package_identification:_identify(/home/saura/ros2_ws/src/go2_cv_pipeline_tests) by extensions ['ignore', 'ignore_ament_install']
[0.376s] Level 1:colcon.colcon_core.package_identification:_identify(/home/saura/ros2_ws/src/go2_cv_pipeline_tests) by extension 'ignore'
[0.376s] Level 1:colcon.colcon_core.package_identification:_identify(/home/saura/ros2_ws/src/go2_cv_pipeline_tests) by extension 'ignore_ament_install'
[0.377s] Level 1:colcon.colcon_core.package_identification:_identify(/home/saura/ros2_ws/src/go2_cv_pipeline_tests) by extensions ['colcon_pkg']
[0.377s] Level 1:colcon.colcon_core.package_identification:_identify(/home/saura/ros2_ws/src/go2_cv_pipeline_tests) by extension 'colcon_pkg'
[0.377s] Level 1:colcon.colcon_core.package_identification:_identify(/home/saura/ros2_ws/src/go2_cv_pipeline_tests) by extensions ['colcon_meta']
[0.377s] Level 1:colcon.colcon_core.package_identification:_identify(/home/saura/ros2_ws/src/go2_cv_pipeline_tests) by extension 'colcon_meta'
[0.377s] Level 1:colcon.colcon_core.package_identification:_identify(/home/saura/ros2_ws/src/go2_cv_pipeline_tests) by extensions ['ros']
[0.377s] Level 1:colcon.colcon_core.package_identification:_identify(/home/saura/ros2_ws/src/go2_cv_pipeline_tests) by extension 'ros'
[0.378s] DEBUG:colcon.colcon_core.package_identification:Package '/home/saura/ros2_ws/src/go2_cv_pipeline_tests' with type 'ros.ament_python' and name 'go2_cv_pipeline_tests'
[0.378s] Level 1:colcon.colcon_core.package_identification:_identify(/home/saura/ros2_ws/src/log) by extensions ['ignore', 'ignore_ament_install']
[0.378s] Level 1:colcon.colcon_core.package_identification:_identify(/home/saura/ros2_ws/src/log) by extension 'ignore'
[0.379s] Level 1:colcon.colcon_core.package_identification:_identify(/home/saura/ros2_ws/src/log) ignored
[0.379s] Level 1:colcon.colcon_core.package_identification:_identify(/home/saura/ros2_ws/src/ml_msgs) by extensions ['ignore', 'ignore_ament_install']
[0.379s] Level 1:colcon.colcon_core.package_identification:_identify(/home/saura/ros2_ws/src/ml_msgs) by extension 'ignore'
[0.379s] Level 1:colcon.colcon_core.package_identification:_identify(/home/saura/ros2_ws/src/ml_msgs) by extension 'ignore_ament_install'
[0.379s] Level 1:colcon.colcon_core.package_identification:_identify(/home/saura/ros2_ws/src/ml_msgs) by extensions ['colcon_pkg']
[0.379s] Level 1:colcon.colcon_core.package_identification:_identify(/home/saura/ros2_ws/src/ml_msgs) by extension 'colcon_pkg'
[0.379s] Level 1:colcon.colcon_core.package_identification:_identify(/home/saura/ros2_ws/src/ml_msgs) by extensions ['colcon_meta']
[0.379s] Level 1:colcon.colcon_core.package_identification:_identify(/home/saura/ros2_ws/src/ml_msgs) by extension 'colcon_meta'
[0.379s] Level 1:colcon.colcon_core.package_identification:_identify(/home/saura/ros2_ws/src/ml_msgs) by extensions ['ros']
[0.379s] Level 1:colcon.colcon_core.package_identification:_identify(/home/saura/ros2_ws/src/ml_msgs) by extension 'ros'
[0.380s] DEBUG:colcon.colcon_core.package_identification:Package '/home/saura/ros2_ws/src/ml_msgs' with type 'ros.ament_cmake' and name 'ml_msgs'
[0.380s] Level 1:colcon.colcon_core.package_identification:_identify(/home/saura/ros2_ws/src/unitree_go2_ros2) by extensions ['ignore', 'ignore_ament_install']
[0.380s] Level 1:colcon.colcon_core.package_identification:_identify(/home/saura/ros2_ws/src/unitree_go2_ros2) by extension 'ignore'
[0.380s] Level 1:colcon.colcon_core.package_identification:_identify(/home/saura/ros2_ws/src/unitree_go2_ros2) by extension 'ignore_ament_install'
[0.381s] Level 1:colcon.colcon_core.package_identification:_identify(/home/saura/ros2_ws/src/unitree_go2_ros2) by extensions ['colcon_pkg']
[0.381s] Level 1:colcon.colcon_core.package_identification:_identify(/home/saura/ros2_ws/src/unitree_go2_ros2) by extension 'colcon_pkg'
[0.381s] Level 1:colcon.colcon_core.package_identification:_identify(/home/saura/ros2_ws/src/unitree_go2_ros2) by extensions ['colcon_meta']
[0.381s] Level 1:colcon.colcon_core.package_identification:_identify(/home/saura/ros2_ws/src/unitree_go2_ros2) by extension 'colcon_meta'
[0.381s] Level 1:colcon.colcon_core.package_identification:_identify(/home/saura/ros2_ws/src/unitree_go2_ros2) by extensions ['ros']
[0.381s] Level 1:colcon.colcon_core.package_identification:_identify(/home/saura/ros2_ws/src/unitree_go2_ros2) by extension 'ros'
[0.381s] Level 1:colcon.colcon_core.package_identification:_identify(/home/saura/ros2_ws/src/unitree_go2_ros2) by extensions ['cmake', 'python']
[0.381s] Level 1:colcon.colcon_core.package_identification:_identify(/home/saura/ros2_ws/src/unitree_go2_ros2) by extension 'cmake'
[0.381s] Level 1:colcon.colcon_core.package_identification:_identify(/home/saura/ros2_ws/src/unitree_go2_ros2) by extension 'python'
[0.381s] Level 1:colcon.colcon_core.package_identification:_identify(/home/saura/ros2_ws/src/unitree_go2_ros2) by extensions ['python_setup_py']
[0.381s] Level 1:colcon.colcon_core.package_identification:_identify(/home/saura/ros2_ws/src/unitree_go2_ros2) by extension 'python_setup_py'
[0.382s] Level 1:colcon.colcon_core.package_identification:_identify(/home/saura/ros2_ws/src/unitree_go2_ros2/champ) by extensions ['ignore', 'ignore_ament_install']
[0.382s] Level 1:colcon.colcon_core.package_identification:_identify(/home/saura/ros2_ws/src/unitree_go2_ros2/champ) by extension 'ignore'
[0.382s] Level 1:colcon.colcon_core.package_identification:_identify(/home/saura/ros2_ws/src/unitree_go2_ros2/champ) by extension 'ignore_ament_install'
[0.382s] Level 1:colcon.colcon_core.package_identification:_identify(/home/saura/ros2_ws/src/unitree_go2_ros2/champ) by extensions ['colcon_pkg']
[0.383s] Level 1:colcon.colcon_core.package_identification:_identify(/home/saura/ros2_ws/src/unitree_go2_ros2/champ) by extension 'colcon_pkg'
[0.383s] Level 1:colcon.colcon_core.package_identification:_identify(/home/saura/ros2_ws/src/unitree_go2_ros2/champ) by extensions ['colcon_meta']
[0.383s] Level 1:colcon.colcon_core.package_identification:_identify(/home/saura/ros2_ws/src/unitree_go2_ros2/champ) by extension 'colcon_meta'
[0.383s] Level 1:colcon.colcon_core.package_identification:_identify(/home/saura/ros2_ws/src/unitree_go2_ros2/champ) by extensions ['ros']
[0.383s] Level 1:colcon.colcon_core.package_identification:_identify(/home/saura/ros2_ws/src/unitree_go2_ros2/champ) by extension 'ros'
[0.384s] DEBUG:colcon.colcon_core.package_identification:Package '/home/saura/ros2_ws/src/unitree_go2_ros2/champ' with type 'ros.ament_cmake' and name 'champ'
[0.384s] Level 1:colcon.colcon_core.package_identification:_identify(/home/saura/ros2_ws/src/unitree_go2_ros2/champ_base) by extensions ['ignore', 'ignore_ament_install']
[0.385s] Level 1:colcon.colcon_core.package_identification:_identify(/home/saura/ros2_ws/src/unitree_go2_ros2/champ_base) by extension 'ignore'
[0.385s] Level 1:colcon.colcon_core.package_identification:_identify(/home/saura/ros2_ws/src/unitree_go2_ros2/champ_base) by extension 'ignore_ament_install'
[0.385s] Level 1:colcon.colcon_core.package_identification:_identify(/home/saura/ros2_ws/src/unitree_go2_ros2/champ_base) by extensions ['colcon_pkg']
[0.385s] Level 1:colcon.colcon_core.package_identification:_identify(/home/saura/ros2_ws/src/unitree_go2_ros2/champ_base) by extension 'colcon_pkg'
[0.385s] Level 1:colcon.colcon_core.package_identification:_identify(/home/saura/ros2_ws/src/unitree_go2_ros2/champ_base) by extensions ['colcon_meta']
[0.385s] Level 1:colcon.colcon_core.package_identification:_identify(/home/saura/ros2_ws/src/unitree_go2_ros2/champ_base) by extension 'colcon_meta'
[0.385s] Level 1:colcon.colcon_core.package_identification:_identify(/home/saura/ros2_ws/src/unitree_go2_ros2/champ_base) by extensions ['ros']
[0.385s] Level 1:colcon.colcon_core.package_identification:_identify(/home/saura/ros2_ws/src/unitree_go2_ros2/champ_base) by extension 'ros'
[0.387s] DEBUG:colcon.colcon_core.package_identification:Package '/home/saura/ros2_ws/src/unitree_go2_ros2/champ_base' with type 'ros.ament_cmake' and name 'champ_base'
[0.388s] Level 1:colcon.colcon_core.package_identification:_identify(/home/saura/ros2_ws/src/unitree_go2_ros2/champ_msgs) by extensions ['ignore', 'ignore_ament_install']
[0.388s] Level 1:colcon.colcon_core.package_identification:_identify(/home/saura/ros2_ws/src/unitree_go2_ros2/champ_msgs) by extension 'ignore'
[0.388s] Level 1:colcon.colcon_core.package_identification:_identify(/home/saura/ros2_ws/src/unitree_go2_ros2/champ_msgs) by extension 'ignore_ament_install'
[0.388s] Level 1:colcon.colcon_core.package_identification:_identify(/home/saura/ros2_ws/src/unitree_go2_ros2/champ_msgs) by extensions ['colcon_pkg']
[0.388s] Level 1:colcon.colcon_core.package_identification:_identify(/home/saura/ros2_ws/src/unitree_go2_ros2/champ_msgs) by extension 'colcon_pkg'
[0.388s] Level 1:colcon.colcon_core.package_identification:_identify(/home/saura/ros2_ws/src/unitree_go2_ros2/champ_msgs) by extensions ['colcon_meta']
[0.388s] Level 1:colcon.colcon_core.package_identification:_identify(/home/saura/ros2_ws/src/unitree_go2_ros2/champ_msgs) by extension 'colcon_meta'
[0.388s] Level 1:colcon.colcon_core.package_identification:_identify(/home/saura/ros2_ws/src/unitree_go2_ros2/champ_msgs) by extensions ['ros']
[0.388s] Level 1:colcon.colcon_core.package_identification:_identify(/home/saura/ros2_ws/src/unitree_go2_ros2/champ_msgs) by extension 'ros'
[0.389s] DEBUG:colcon.colcon_core.package_identification:Package '/home/saura/ros2_ws/src/unitree_go2_ros2/champ_msgs' with type 'ros.ament_cmake' and name 'champ_msgs'
[0.390s] Level 1:colcon.colcon_core.package_identification:_identify(/home/saura/ros2_ws/src/unitree_go2_ros2/docs) by extensions ['ignore', 'ignore_ament_install']
[0.390s] Level 1:colcon.colcon_core.package_identification:_identify(/home/saura/ros2_ws/src/unitree_go2_ros2/docs) by extension 'ignore'
[0.390s] Level 1:colcon.colcon_core.package_identification:_identify(/home/saura/ros2_ws/src/unitree_go2_ros2/docs) by extension 'ignore_ament_install'
[0.390s] Level 1:colcon.colcon_core.package_identification:_identify(/home/saura/ros2_ws/src/unitree_go2_ros2/docs) by extensions ['colcon_pkg']
[0.390s] Level 1:colcon.colcon_core.package_identification:_identify(/home/saura/ros2_ws/src/unitree_go2_ros2/docs) by extension 'colcon_pkg'
[0.390s] Level 1:colcon.colcon_core.package_identification:_identify(/home/saura/ros2_ws/src/unitree_go2_ros2/docs) by extensions ['colcon_meta']
[0.390s] Level 1:colcon.colcon_core.package_identification:_identify(/home/saura/ros2_ws/src/unitree_go2_ros2/docs) by extension 'colcon_meta'
[0.390s] Level 1:colcon.colcon_core.package_identification:_identify(/home/saura/ros2_ws/src/unitree_go2_ros2/docs) by extensions ['ros']
[0.390s] Level 1:colcon.colcon_core.package_identification:_identify(/home/saura/ros2_ws/src/unitree_go2_ros2/docs) by extension 'ros'
[0.390s] Level 1:colcon.colcon_core.package_identification:_identify(/home/saura/ros2_ws/src/unitree_go2_ros2/docs) by extensions ['cmake', 'python']
[0.390s] Level 1:colcon.colcon_core.package_identification:_identify(/home/saura/ros2_ws/src/unitree_go2_ros2/docs) by extension 'cmake'
[0.390s] Level 1:colcon.colcon_core.package_identification:_identify(/home/saura/ros2_ws/src/unitree_go2_ros2/docs) by extension 'python'
[0.390s] Level 1:colcon.colcon_core.package_identification:_identify(/home/saura/ros2_ws/src/unitree_go2_ros2/docs) by extensions ['python_setup_py']
[0.390s] Level 1:colcon.colcon_core.package_identification:_identify(/home/saura/ros2_ws/src/unitree_go2_ros2/docs) by extension 'python_setup_py'
[0.391s] Level 1:colcon.colcon_core.package_identification:_identify(/home/saura/ros2_ws/src/unitree_go2_ros2/unitree_go2_description) by extensions ['ignore', 'ignore_ament_install']
[0.391s] Level 1:colcon.colcon_core.package_identification:_identify(/home/saura/ros2_ws/src/unitree_go2_ros2/unitree_go2_description) by extension 'ignore'
[0.391s] Level 1:colcon.colcon_core.package_identification:_identify(/home/saura/ros2_ws/src/unitree_go2_ros2/unitree_go2_description) by extension 'ignore_ament_install'
[0.391s] Level 1:colcon.colcon_core.package_identification:_identify(/home/saura/ros2_ws/src/unitree_go2_ros2/unitree_go2_description) by extensions ['colcon_pkg']
[0.391s] Level 1:colcon.colcon_core.package_identification:_identify(/home/saura/ros2_ws/src/unitree_go2_ros2/unitree_go2_description) by extension 'colcon_pkg'
[0.391s] Level 1:colcon.colcon_core.package_identification:_identify(/home/saura/ros2_ws/src/unitree_go2_ros2/unitree_go2_description) by extensions ['colcon_meta']
[0.391s] Level 1:colcon.colcon_core.package_identification:_identify(/home/saura/ros2_ws/src/unitree_go2_ros2/unitree_go2_description) by extension 'colcon_meta'
[0.391s] Level 1:colcon.colcon_core.package_identification:_identify(/home/saura/ros2_ws/src/unitree_go2_ros2/unitree_go2_description) by extensions ['ros']
[0.391s] Level 1:colcon.colcon_core.package_identification:_identify(/home/saura/ros2_ws/src/unitree_go2_ros2/unitree_go2_description) by extension 'ros'
[0.392s] DEBUG:colcon.colcon_core.package_identification:Package '/home/saura/ros2_ws/src/unitree_go2_ros2/unitree_go2_description' with type 'ros.ament_cmake' and name 'unitree_go2_description'
[0.392s] Level 1:colcon.colcon_core.package_identification:_identify(/home/saura/ros2_ws/src/unitree_go2_ros2/unitree_go2_sim) by extensions ['ignore', 'ignore_ament_install']
[0.392s] Level 1:colcon.colcon_core.package_identification:_identify(/home/saura/ros2_ws/src/unitree_go2_ros2/unitree_go2_sim) by extension 'ignore'
[0.392s] Level 1:colcon.colcon_core.package_identification:_identify(/home/saura/ros2_ws/src/unitree_go2_ros2/unitree_go2_sim) by extension 'ignore_ament_install'
[0.392s] Level 1:colcon.colcon_core.package_identification:_identify(/home/saura/ros2_ws/src/unitree_go2_ros2/unitree_go2_sim) by extensions ['colcon_pkg']
[0.392s] Level 1:colcon.colcon_core.package_identification:_identify(/home/saura/ros2_ws/src/unitree_go2_ros2/unitree_go2_sim) by extension 'colcon_pkg'
[0.392s] Level 1:colcon.colcon_core.package_identification:_identify(/home/saura/ros2_ws/src/unitree_go2_ros2/unitree_go2_sim) by extensions ['colcon_meta']
[0.392s] Level 1:colcon.colcon_core.package_identification:_identify(/home/saura/ros2_ws/src/unitree_go2_ros2/unitree_go2_sim) by extension 'colcon_meta'
[0.392s] Level 1:colcon.colcon_core.package_identification:_identify(/home/saura/ros2_ws/src/unitree_go2_ros2/unitree_go2_sim) by extensions ['ros']
[0.392s] Level 1:colcon.colcon_core.package_identification:_identify(/home/saura/ros2_ws/src/unitree_go2_ros2/unitree_go2_sim) by extension 'ros'
[0.393s] DEBUG:colcon.colcon_core.package_identification:Package '/home/saura/ros2_ws/src/unitree_go2_ros2/unitree_go2_sim' with type 'ros.ament_cmake' and name 'unitree_go2_sim'
[0.393s] Level 1:colcon.colcon_core.package_discovery:discover_packages(recursive) using defaults
